09/08/2020 00:03:57 - [     main.py: 88 -     <module>() ]- INFO - Телеграм бот запущен
09/08/2020 00:04:00 - [     main.py: 50 - menu_command() ]- INFO - menu_command
09/08/2020 00:04:00 - [    files.py: 36 - UserURLGenerator() ]- INFO - UserURLGenerator
09/08/2020 00:04:00 - [    files.py: 49 - UserParamGenerator() ]- INFO - UserParamGenerator
09/08/2020 00:04:00 - [     main.py: 56 - menu_command() ]- INFO - menu_command2
09/08/2020 00:04:07 - [     main.py: 50 - menu_command() ]- INFO - menu_command
09/08/2020 00:04:07 - [    files.py: 36 - UserURLGenerator() ]- INFO - UserURLGenerator
09/08/2020 00:04:07 - [    files.py: 49 - UserParamGenerator() ]- INFO - UserParamGenerator
09/08/2020 00:04:07 - [     main.py: 56 - menu_command() ]- INFO - menu_command2
09/08/2020 00:04:10 - [     main.py: 50 - menu_command() ]- INFO - menu_command
09/08/2020 00:04:10 - [    files.py: 36 - UserURLGenerator() ]- INFO - UserURLGenerator
09/08/2020 00:04:10 - [    files.py: 49 - UserParamGenerator() ]- INFO - UserParamGenerator
09/08/2020 00:04:10 - [     main.py: 56 - menu_command() ]- INFO - menu_command2
09/08/2020 00:04:13 - [     main.py: 50 - menu_command() ]- INFO - menu_command
09/08/2020 00:04:13 - [    files.py: 36 - UserURLGenerator() ]- INFO - UserURLGenerator
09/08/2020 00:04:13 - [    files.py: 49 - UserParamGenerator() ]- INFO - UserParamGenerator
09/08/2020 00:04:13 - [     main.py: 56 - menu_command() ]- INFO - menu_command2
09/08/2020 00:04:15 - [     main.py: 50 - menu_command() ]- INFO - menu_command
09/08/2020 00:04:15 - [    files.py: 36 - UserURLGenerator() ]- INFO - UserURLGenerator
09/08/2020 00:04:15 - [    files.py: 49 - UserParamGenerator() ]- INFO - UserParamGenerator
09/08/2020 00:04:15 - [     main.py: 56 - menu_command() ]- INFO - menu_command2
09/08/2020 00:04:54 - [     main.py: 88 -     <module>() ]- INFO - Телеграм бот запущен
09/08/2020 00:04:58 - [     main.py: 50 - menu_command() ]- INFO - menu_command
09/08/2020 00:04:58 - [    files.py: 36 - UserURLGenerator() ]- INFO - UserURLGenerator menu
09/08/2020 00:04:58 - [    files.py: 49 - UserParamGenerator() ]- INFO - UserParamGenerator menu
09/08/2020 00:04:58 - [     main.py: 56 - menu_command() ]- INFO - menu_command2
09/08/2020 00:05:06 - [     main.py: 50 - menu_command() ]- INFO - menu_command
09/08/2020 00:05:06 - [    files.py: 36 - UserURLGenerator() ]- INFO - UserURLGenerator АРЕНДА
09/08/2020 00:05:06 - [    files.py: 49 - UserParamGenerator() ]- INFO - UserParamGenerator АРЕНДА
09/08/2020 00:05:06 - [     main.py: 56 - menu_command() ]- INFO - menu_command2
09/08/2020 00:05:08 - [     main.py: 50 - menu_command() ]- INFO - menu_command
09/08/2020 00:05:08 - [    files.py: 36 - UserURLGenerator() ]- INFO - UserURLGenerator КВАРТИРЫ
09/08/2020 00:05:08 - [    files.py: 49 - UserParamGenerator() ]- INFO - UserParamGenerator КВАРТИРЫ
09/08/2020 00:05:08 - [     main.py: 56 - menu_command() ]- INFO - menu_command2
09/08/2020 00:05:11 - [     main.py: 50 - menu_command() ]- INFO - menu_command
09/08/2020 00:05:11 - [    files.py: 36 - UserURLGenerator() ]- INFO - UserURLGenerator НУР-СУЛТАН
09/08/2020 00:05:11 - [    files.py: 49 - UserParamGenerator() ]- INFO - UserParamGenerator НУР-СУЛТАН
09/08/2020 00:05:11 - [     main.py: 56 - menu_command() ]- INFO - menu_command2
09/08/2020 00:05:20 - [     main.py: 50 - menu_command() ]- INFO - menu_command
09/08/2020 00:05:20 - [    files.py: 36 - UserURLGenerator() ]- INFO - UserURLGenerator любой комнатности
09/08/2020 00:05:20 - [    files.py: 49 - UserParamGenerator() ]- INFO - UserParamGenerator любой комнатности
09/08/2020 00:05:20 - [     main.py: 56 - menu_command() ]- INFO - menu_command2
09/08/2020 00:05:55 - [     main.py: 88 -     <module>() ]- INFO - Телеграм бот запущен
09/08/2020 00:05:59 - [     main.py: 50 - menu_command() ]- INFO - menu_command
09/08/2020 00:05:59 - [    files.py: 36 - UserURLGenerator() ]- INFO - UserURLGenerator menu
09/08/2020 00:05:59 - [    files.py: 45 - UserURLGenerator() ]- INFO - UserURLGenerator2 menu
09/08/2020 00:05:59 - [    files.py: 50 - UserParamGenerator() ]- INFO - UserParamGenerator menu
09/08/2020 00:05:59 - [     main.py: 56 - menu_command() ]- INFO - menu_command2
09/08/2020 00:06:02 - [     main.py: 50 - menu_command() ]- INFO - menu_command
09/08/2020 00:06:02 - [    files.py: 36 - UserURLGenerator() ]- INFO - UserURLGenerator АРЕНДА
09/08/2020 00:06:02 - [    files.py: 45 - UserURLGenerator() ]- INFO - UserURLGenerator2 АРЕНДА
09/08/2020 00:06:02 - [    files.py: 50 - UserParamGenerator() ]- INFO - UserParamGenerator АРЕНДА
09/08/2020 00:06:02 - [     main.py: 56 - menu_command() ]- INFO - menu_command2
09/08/2020 00:06:03 - [     main.py: 50 - menu_command() ]- INFO - menu_command
09/08/2020 00:06:03 - [    files.py: 36 - UserURLGenerator() ]- INFO - UserURLGenerator ЗДАНИЯ
09/08/2020 00:06:03 - [    files.py: 45 - UserURLGenerator() ]- INFO - UserURLGenerator2 ЗДАНИЯ
09/08/2020 00:06:03 - [    files.py: 50 - UserParamGenerator() ]- INFO - UserParamGenerator ЗДАНИЯ
09/08/2020 00:06:03 - [     main.py: 56 - menu_command() ]- INFO - menu_command2
09/08/2020 00:06:04 - [     main.py: 50 - menu_command() ]- INFO - menu_command
09/08/2020 00:06:04 - [    files.py: 36 - UserURLGenerator() ]- INFO - UserURLGenerator НУР-СУЛТАН
09/08/2020 00:06:04 - [    files.py: 45 - UserURLGenerator() ]- INFO - UserURLGenerator2 НУР-СУЛТАН
09/08/2020 00:06:04 - [    files.py: 50 - UserParamGenerator() ]- INFO - UserParamGenerator НУР-СУЛТАН
09/08/2020 00:06:04 - [     main.py: 56 - menu_command() ]- INFO - menu_command2
09/08/2020 00:06:05 - [     main.py: 50 - menu_command() ]- INFO - menu_command
09/08/2020 00:06:05 - [    files.py: 36 - UserURLGenerator() ]- INFO - UserURLGenerator любой комнатности
09/08/2020 00:06:05 - [    files.py: 45 - UserURLGenerator() ]- INFO - UserURLGenerator2 любой комнатности
09/08/2020 00:06:05 - [    files.py: 50 - UserParamGenerator() ]- INFO - UserParamGenerator любой комнатности
09/08/2020 00:06:05 - [     main.py: 56 - menu_command() ]- INFO - menu_command2
09/08/2020 00:06:06 - [     main.py: 50 - menu_command() ]- INFO - menu_command
09/08/2020 00:06:06 - [    files.py: 36 - UserURLGenerator() ]- INFO - UserURLGenerator по часам
09/08/2020 00:06:06 - [    files.py: 45 - UserURLGenerator() ]- INFO - UserURLGenerator2 по часам
09/08/2020 00:06:06 - [    files.py: 50 - UserParamGenerator() ]- INFO - UserParamGenerator по часам
09/08/2020 00:06:06 - [     main.py: 56 - menu_command() ]- INFO - menu_command2
09/08/2020 00:09:00 - [     main.py: 87 -     <module>() ]- INFO - Телеграм бот запущен
09/08/2020 00:09:02 - [     main.py: 50 - menu_command() ]- INFO - menu_command
09/08/2020 00:09:02 - [    files.py: 36 - UserURLGenerator() ]- INFO - UserURLGenerator menu
09/08/2020 00:09:02 - [    files.py: 49 - UserParamGenerator() ]- INFO - UserParamGenerator menu
09/08/2020 00:09:03 - [     main.py: 50 - menu_command() ]- INFO - menu_command
09/08/2020 00:09:03 - [    files.py: 36 - UserURLGenerator() ]- INFO - UserURLGenerator АРЕНДА
09/08/2020 00:09:03 - [    files.py: 49 - UserParamGenerator() ]- INFO - UserParamGenerator АРЕНДА
09/08/2020 00:09:04 - [     main.py: 50 - menu_command() ]- INFO - menu_command
09/08/2020 00:09:04 - [    files.py: 36 - UserURLGenerator() ]- INFO - UserURLGenerator ПОМЕЩЕНИЯ
09/08/2020 00:09:04 - [    files.py: 49 - UserParamGenerator() ]- INFO - UserParamGenerator ПОМЕЩЕНИЯ
09/08/2020 00:09:06 - [     main.py: 50 - menu_command() ]- INFO - menu_command
09/08/2020 00:09:06 - [    files.py: 36 - UserURLGenerator() ]- INFO - UserURLGenerator НУР-СУЛТАН
09/08/2020 00:09:06 - [    files.py: 49 - UserParamGenerator() ]- INFO - UserParamGenerator НУР-СУЛТАН
09/08/2020 00:09:06 - [     main.py: 50 - menu_command() ]- INFO - menu_command
09/08/2020 00:09:06 - [    files.py: 36 - UserURLGenerator() ]- INFO - UserURLGenerator любой комнатности
09/08/2020 00:09:06 - [    files.py: 49 - UserParamGenerator() ]- INFO - UserParamGenerator любой комнатности
09/08/2020 00:09:07 - [     main.py: 50 - menu_command() ]- INFO - menu_command
09/08/2020 00:09:07 - [    files.py: 36 - UserURLGenerator() ]- INFO - UserURLGenerator по часам
09/08/2020 00:09:07 - [    files.py: 49 - UserParamGenerator() ]- INFO - UserParamGenerator по часам
09/08/2020 00:09:09 - [     main.py: 50 - menu_command() ]- INFO - menu_command
09/08/2020 00:09:09 - [    files.py: 36 - UserURLGenerator() ]- INFO - UserURLGenerator C фото
09/08/2020 00:09:09 - [    files.py: 49 - UserParamGenerator() ]- INFO - UserParamGenerator C фото
09/08/2020 00:09:10 - [     main.py: 50 - menu_command() ]- INFO - menu_command
09/08/2020 00:09:10 - [    files.py: 36 - UserURLGenerator() ]- INFO - UserURLGenerator От проверенных агенств
09/08/2020 00:09:10 - [    files.py: 49 - UserParamGenerator() ]- INFO - UserParamGenerator От проверенных агенств
09/08/2020 00:09:12 - [     main.py: 50 - menu_command() ]- INFO - menu_command
09/08/2020 00:09:12 - [    files.py: 36 - UserURLGenerator() ]- INFO - UserURLGenerator От хозяев
09/08/2020 00:09:12 - [    files.py: 49 - UserParamGenerator() ]- INFO - UserParamGenerator От хозяев
09/08/2020 00:09:12 - [     main.py: 79 - menu_command() ]- WARNING - Нет такого меню MENU_8
09/08/2020 00:09:14 - [     main.py: 50 - menu_command() ]- INFO - menu_command
09/08/2020 00:09:14 - [    files.py: 36 - UserURLGenerator() ]- INFO - UserURLGenerator ПОКАЗАТЬ РЕЗУЛЬТАТ?
09/08/2020 00:09:14 - [    files.py: 49 - UserParamGenerator() ]- INFO - UserParamGenerator ПОКАЗАТЬ РЕЗУЛЬТАТ?
09/08/2020 00:09:14 - [     main.py: 64 - menu_command() ]- INFO - Отправляю запрос
09/08/2020 00:09:14 - [resources.py: 58 -     __init__() ]- INFO - URL https://krisha.kz/arenda/nur-sultan/ [404]
09/08/2020 00:09:14 - [resources.py: 70 -     __init__() ]- ERROR - Не правильный запрос
09/08/2020 00:09:14 - [     util.py: 68 -          run() ]- ERROR - TypeError occurred, args=("'KrishaWeb' object is not iterable",)
Traceback (most recent call last):
  File "/home/zhenisd/Yandex.Disk/pythonProjectSelenium/venv/lib/python3.8/site-packages/telebot/util.py", line 62, in run
    task(*args, **kwargs)
  File "/home/zhenisd/Yandex.Disk/pythonProjectSelenium/main.py", line 69, in menu_command
    for i in krisha_ads:
TypeError: 'KrishaWeb' object is not iterable

09/08/2020 00:09:31 - [     main.py: 88 -     <module>() ]- INFO - Телеграм бот запущен
09/08/2020 00:09:33 - [     main.py: 50 - menu_command() ]- INFO - menu_command
09/08/2020 00:09:33 - [    files.py: 36 - UserURLGenerator() ]- INFO - UserURLGenerator НАЗАД К ГЛАВНОМУ МЕНЮ?
09/08/2020 00:09:33 - [    files.py: 49 - UserParamGenerator() ]- INFO - UserParamGenerator НАЗАД К ГЛАВНОМУ МЕНЮ?
09/08/2020 00:09:34 - [     main.py: 50 - menu_command() ]- INFO - menu_command
09/08/2020 00:09:34 - [    files.py: 36 - UserURLGenerator() ]- INFO - UserURLGenerator АРЕНДА
09/08/2020 00:09:34 - [    files.py: 49 - UserParamGenerator() ]- INFO - UserParamGenerator АРЕНДА
09/08/2020 00:09:36 - [     main.py: 50 - menu_command() ]- INFO - menu_command
09/08/2020 00:09:36 - [    files.py: 36 - UserURLGenerator() ]- INFO - UserURLGenerator КВАРТИРЫ
09/08/2020 00:09:36 - [    files.py: 49 - UserParamGenerator() ]- INFO - UserParamGenerator КВАРТИРЫ
09/08/2020 00:09:37 - [     main.py: 50 - menu_command() ]- INFO - menu_command
09/08/2020 00:09:37 - [    files.py: 36 - UserURLGenerator() ]- INFO - UserURLGenerator НУР-СУЛТАН
09/08/2020 00:09:37 - [    files.py: 49 - UserParamGenerator() ]- INFO - UserParamGenerator НУР-СУЛТАН
09/08/2020 00:09:38 - [     main.py: 50 - menu_command() ]- INFO - menu_command
09/08/2020 00:09:38 - [    files.py: 36 - UserURLGenerator() ]- INFO - UserURLGenerator любой комнатности
09/08/2020 00:09:38 - [    files.py: 49 - UserParamGenerator() ]- INFO - UserParamGenerator любой комнатности
09/08/2020 00:09:39 - [     main.py: 50 - menu_command() ]- INFO - menu_command
09/08/2020 00:09:39 - [    files.py: 36 - UserURLGenerator() ]- INFO - UserURLGenerator по часам
09/08/2020 00:09:39 - [    files.py: 49 - UserParamGenerator() ]- INFO - UserParamGenerator по часам
09/08/2020 00:09:40 - [     main.py: 50 - menu_command() ]- INFO - menu_command
09/08/2020 00:09:40 - [    files.py: 36 - UserURLGenerator() ]- INFO - UserURLGenerator C фото
09/08/2020 00:09:40 - [    files.py: 49 - UserParamGenerator() ]- INFO - UserParamGenerator C фото
09/08/2020 00:09:41 - [     main.py: 50 - menu_command() ]- INFO - menu_command
09/08/2020 00:09:41 - [    files.py: 36 - UserURLGenerator() ]- INFO - UserURLGenerator От проверенных агенств
09/08/2020 00:09:41 - [    files.py: 49 - UserParamGenerator() ]- INFO - UserParamGenerator От проверенных агенств
09/08/2020 00:09:42 - [     main.py: 50 - menu_command() ]- INFO - menu_command
09/08/2020 00:09:42 - [    files.py: 36 - UserURLGenerator() ]- INFO - UserURLGenerator От хозяев
09/08/2020 00:09:42 - [    files.py: 49 - UserParamGenerator() ]- INFO - UserParamGenerator От хозяев
09/08/2020 00:09:42 - [     main.py: 80 - menu_command() ]- WARNING - Нет такого меню MENU_8
09/08/2020 00:09:43 - [     main.py: 50 - menu_command() ]- INFO - menu_command
09/08/2020 00:09:43 - [    files.py: 36 - UserURLGenerator() ]- INFO - UserURLGenerator НАЗАД К ГЛАВНОМУ МЕНЮ?
09/08/2020 00:09:43 - [    files.py: 49 - UserParamGenerator() ]- INFO - UserParamGenerator НАЗАД К ГЛАВНОМУ МЕНЮ?
09/08/2020 00:09:45 - [     main.py: 50 - menu_command() ]- INFO - menu_command
09/08/2020 00:09:45 - [    files.py: 36 - UserURLGenerator() ]- INFO - UserURLGenerator АРЕНДА
09/08/2020 00:09:45 - [    files.py: 49 - UserParamGenerator() ]- INFO - UserParamGenerator АРЕНДА
09/08/2020 00:09:46 - [     main.py: 50 - menu_command() ]- INFO - menu_command
09/08/2020 00:09:46 - [    files.py: 36 - UserURLGenerator() ]- INFO - UserURLGenerator КВАРТИРЫ
09/08/2020 00:09:46 - [    files.py: 49 - UserParamGenerator() ]- INFO - UserParamGenerator КВАРТИРЫ
09/08/2020 00:09:47 - [     main.py: 50 - menu_command() ]- INFO - menu_command
09/08/2020 00:09:47 - [    files.py: 36 - UserURLGenerator() ]- INFO - UserURLGenerator НУР-СУЛТАН
09/08/2020 00:09:47 - [    files.py: 49 - UserParamGenerator() ]- INFO - UserParamGenerator НУР-СУЛТАН
09/08/2020 00:09:48 - [     main.py: 50 - menu_command() ]- INFO - menu_command
09/08/2020 00:09:48 - [    files.py: 36 - UserURLGenerator() ]- INFO - UserURLGenerator любой комнатности
09/08/2020 00:09:48 - [    files.py: 49 - UserParamGenerator() ]- INFO - UserParamGenerator любой комнатности
09/08/2020 00:09:49 - [     main.py: 50 - menu_command() ]- INFO - menu_command
09/08/2020 00:09:49 - [    files.py: 36 - UserURLGenerator() ]- INFO - UserURLGenerator по часам
09/08/2020 00:09:49 - [    files.py: 49 - UserParamGenerator() ]- INFO - UserParamGenerator по часам
09/08/2020 00:09:50 - [     main.py: 50 - menu_command() ]- INFO - menu_command
09/08/2020 00:09:50 - [    files.py: 36 - UserURLGenerator() ]- INFO - UserURLGenerator C фото
09/08/2020 00:09:50 - [    files.py: 49 - UserParamGenerator() ]- INFO - UserParamGenerator C фото
09/08/2020 00:09:51 - [     main.py: 50 - menu_command() ]- INFO - menu_command
09/08/2020 00:09:51 - [    files.py: 36 - UserURLGenerator() ]- INFO - UserURLGenerator От проверенных агенств
09/08/2020 00:09:51 - [    files.py: 49 - UserParamGenerator() ]- INFO - UserParamGenerator От проверенных агенств
09/08/2020 00:09:52 - [     main.py: 50 - menu_command() ]- INFO - menu_command
09/08/2020 00:09:52 - [    files.py: 36 - UserURLGenerator() ]- INFO - UserURLGenerator От хозяев
09/08/2020 00:09:52 - [    files.py: 49 - UserParamGenerator() ]- INFO - UserParamGenerator От хозяев
09/08/2020 00:09:52 - [     main.py: 80 - menu_command() ]- WARNING - Нет такого меню MENU_8
09/08/2020 00:09:53 - [     main.py: 50 - menu_command() ]- INFO - menu_command
09/08/2020 00:09:53 - [    files.py: 36 - UserURLGenerator() ]- INFO - UserURLGenerator ПОКАЗАТЬ РЕЗУЛЬТАТ?
09/08/2020 00:09:53 - [    files.py: 49 - UserParamGenerator() ]- INFO - UserParamGenerator ПОКАЗАТЬ РЕЗУЛЬТАТ?
09/08/2020 00:09:53 - [     main.py: 64 - menu_command() ]- INFO - Отправляю запрос
09/08/2020 00:09:54 - [resources.py: 58 -     __init__() ]- INFO - URL https://krisha.kz/arenda/kvartiry/nur-sultan/ [200]
09/08/2020 00:09:54 - [     util.py: 68 -          run() ]- ERROR - TypeError occurred, args=("'KrishaWeb' object is not iterable",)
Traceback (most recent call last):
  File "/home/zhenisd/Yandex.Disk/pythonProjectSelenium/venv/lib/python3.8/site-packages/telebot/util.py", line 62, in run
    task(*args, **kwargs)
  File "/home/zhenisd/Yandex.Disk/pythonProjectSelenium/main.py", line 70, in menu_command
    for i in krisha_ads:
TypeError: 'KrishaWeb' object is not iterable

09/08/2020 00:15:15 - [     main.py: 89 -     <module>() ]- INFO - Телеграм бот запущен
09/08/2020 00:15:19 - [     main.py: 50 - menu_command() ]- INFO - menu_command
09/08/2020 00:15:19 - [    files.py: 36 - UserURLGenerator() ]- INFO - UserURLGenerator menu
09/08/2020 00:15:19 - [    files.py: 49 - UserParamGenerator() ]- INFO - UserParamGenerator menu
09/08/2020 00:15:21 - [     main.py: 50 - menu_command() ]- INFO - menu_command
09/08/2020 00:15:21 - [    files.py: 36 - UserURLGenerator() ]- INFO - UserURLGenerator АРЕНДА
09/08/2020 00:15:21 - [    files.py: 49 - UserParamGenerator() ]- INFO - UserParamGenerator АРЕНДА
09/08/2020 00:15:22 - [     main.py: 50 - menu_command() ]- INFO - menu_command
09/08/2020 00:15:22 - [    files.py: 36 - UserURLGenerator() ]- INFO - UserURLGenerator КВАРТИРЫ
09/08/2020 00:15:22 - [    files.py: 49 - UserParamGenerator() ]- INFO - UserParamGenerator КВАРТИРЫ
09/08/2020 00:15:23 - [     main.py: 50 - menu_command() ]- INFO - menu_command
09/08/2020 00:15:23 - [    files.py: 36 - UserURLGenerator() ]- INFO - UserURLGenerator НУР-СУЛТАН
09/08/2020 00:15:23 - [    files.py: 49 - UserParamGenerator() ]- INFO - UserParamGenerator НУР-СУЛТАН
09/08/2020 00:15:25 - [     main.py: 50 - menu_command() ]- INFO - menu_command
09/08/2020 00:15:25 - [    files.py: 36 - UserURLGenerator() ]- INFO - UserURLGenerator любой комнатности
09/08/2020 00:15:25 - [    files.py: 49 - UserParamGenerator() ]- INFO - UserParamGenerator любой комнатности
09/08/2020 00:15:26 - [     main.py: 50 - menu_command() ]- INFO - menu_command
09/08/2020 00:15:26 - [    files.py: 36 - UserURLGenerator() ]- INFO - UserURLGenerator по часам
09/08/2020 00:15:26 - [    files.py: 49 - UserParamGenerator() ]- INFO - UserParamGenerator по часам
09/08/2020 00:15:27 - [     main.py: 50 - menu_command() ]- INFO - menu_command
09/08/2020 00:15:27 - [    files.py: 36 - UserURLGenerator() ]- INFO - UserURLGenerator C фото
09/08/2020 00:15:27 - [    files.py: 49 - UserParamGenerator() ]- INFO - UserParamGenerator C фото
09/08/2020 00:15:28 - [     main.py: 50 - menu_command() ]- INFO - menu_command
09/08/2020 00:15:28 - [    files.py: 36 - UserURLGenerator() ]- INFO - UserURLGenerator От проверенных агенств
09/08/2020 00:15:28 - [    files.py: 49 - UserParamGenerator() ]- INFO - UserParamGenerator От проверенных агенств
09/08/2020 00:15:29 - [     main.py: 50 - menu_command() ]- INFO - menu_command
09/08/2020 00:15:29 - [    files.py: 36 - UserURLGenerator() ]- INFO - UserURLGenerator От хозяев
09/08/2020 00:15:29 - [    files.py: 49 - UserParamGenerator() ]- INFO - UserParamGenerator От хозяев
09/08/2020 00:15:29 - [     main.py: 81 - menu_command() ]- WARNING - Нет такого меню MENU_8
09/08/2020 00:15:30 - [     main.py: 50 - menu_command() ]- INFO - menu_command
09/08/2020 00:15:30 - [    files.py: 36 - UserURLGenerator() ]- INFO - UserURLGenerator ПОКАЗАТЬ РЕЗУЛЬТАТ?
09/08/2020 00:15:30 - [    files.py: 49 - UserParamGenerator() ]- INFO - UserParamGenerator ПОКАЗАТЬ РЕЗУЛЬТАТ?
09/08/2020 00:15:30 - [     main.py: 64 - menu_command() ]- INFO - Отправляю запрос
09/08/2020 00:15:30 - [resources.py: 58 -     __init__() ]- INFO - URL https://krisha.kz/arenda/kvartiry/nur-sultan/ [200]
09/08/2020 00:15:30 - [     util.py: 68 -          run() ]- ERROR - TypeError occurred, args=("'KrishaWeb' object is not iterable",)
Traceback (most recent call last):
  File "/home/zhenisd/Yandex.Disk/pythonProjectSelenium/venv/lib/python3.8/site-packages/telebot/util.py", line 62, in run
    task(*args, **kwargs)
  File "/home/zhenisd/Yandex.Disk/pythonProjectSelenium/main.py", line 70, in menu_command
    for i in krisha_ads:
TypeError: 'KrishaWeb' object is not iterable

09/08/2020 00:15:45 - [     main.py: 89 -     <module>() ]- INFO - Телеграм бот запущен
09/08/2020 00:15:48 - [     main.py: 50 - menu_command() ]- INFO - menu_command
09/08/2020 00:15:48 - [    files.py: 36 - UserURLGenerator() ]- INFO - UserURLGenerator menu
09/08/2020 00:15:48 - [    files.py: 49 - UserParamGenerator() ]- INFO - UserParamGenerator menu
09/08/2020 00:15:50 - [     main.py: 50 - menu_command() ]- INFO - menu_command
09/08/2020 00:15:50 - [    files.py: 36 - UserURLGenerator() ]- INFO - UserURLGenerator АРЕНДА
09/08/2020 00:15:50 - [    files.py: 49 - UserParamGenerator() ]- INFO - UserParamGenerator АРЕНДА
09/08/2020 00:15:51 - [     main.py: 50 - menu_command() ]- INFO - menu_command
09/08/2020 00:15:51 - [    files.py: 36 - UserURLGenerator() ]- INFO - UserURLGenerator КВАРТИРЫ
09/08/2020 00:15:51 - [    files.py: 49 - UserParamGenerator() ]- INFO - UserParamGenerator КВАРТИРЫ
09/08/2020 00:15:52 - [     main.py: 50 - menu_command() ]- INFO - menu_command
09/08/2020 00:15:52 - [    files.py: 36 - UserURLGenerator() ]- INFO - UserURLGenerator НУР-СУЛТАН
09/08/2020 00:15:53 - [    files.py: 49 - UserParamGenerator() ]- INFO - UserParamGenerator НУР-СУЛТАН
09/08/2020 00:15:54 - [     main.py: 50 - menu_command() ]- INFO - menu_command
09/08/2020 00:15:54 - [    files.py: 36 - UserURLGenerator() ]- INFO - UserURLGenerator любой комнатности
09/08/2020 00:15:54 - [    files.py: 49 - UserParamGenerator() ]- INFO - UserParamGenerator любой комнатности
09/08/2020 00:15:55 - [     main.py: 50 - menu_command() ]- INFO - menu_command
09/08/2020 00:15:55 - [    files.py: 36 - UserURLGenerator() ]- INFO - UserURLGenerator по часам
09/08/2020 00:15:55 - [    files.py: 49 - UserParamGenerator() ]- INFO - UserParamGenerator по часам
09/08/2020 00:15:56 - [     main.py: 50 - menu_command() ]- INFO - menu_command
09/08/2020 00:15:56 - [    files.py: 36 - UserURLGenerator() ]- INFO - UserURLGenerator C фото
09/08/2020 00:15:56 - [    files.py: 49 - UserParamGenerator() ]- INFO - UserParamGenerator C фото
09/08/2020 00:15:57 - [     main.py: 50 - menu_command() ]- INFO - menu_command
09/08/2020 00:15:57 - [    files.py: 36 - UserURLGenerator() ]- INFO - UserURLGenerator От проверенных агенств
09/08/2020 00:15:57 - [    files.py: 49 - UserParamGenerator() ]- INFO - UserParamGenerator От проверенных агенств
09/08/2020 00:15:58 - [     main.py: 50 - menu_command() ]- INFO - menu_command
09/08/2020 00:15:58 - [    files.py: 36 - UserURLGenerator() ]- INFO - UserURLGenerator От хозяев
09/08/2020 00:15:58 - [    files.py: 49 - UserParamGenerator() ]- INFO - UserParamGenerator От хозяев
09/08/2020 00:15:58 - [     main.py: 81 - menu_command() ]- WARNING - Нет такого меню MENU_8
09/08/2020 00:15:59 - [     main.py: 50 - menu_command() ]- INFO - menu_command
09/08/2020 00:15:59 - [    files.py: 36 - UserURLGenerator() ]- INFO - UserURLGenerator ПОКАЗАТЬ РЕЗУЛЬТАТ?
09/08/2020 00:15:59 - [    files.py: 49 - UserParamGenerator() ]- INFO - UserParamGenerator ПОКАЗАТЬ РЕЗУЛЬТАТ?
09/08/2020 00:15:59 - [     main.py: 64 - menu_command() ]- INFO - Отправляю запрос
09/08/2020 00:15:59 - [resources.py: 58 -     __init__() ]- INFO - URL https://krisha.kz/arenda/kvartiry/nur-sultan/ [200]
09/08/2020 00:16:34 - [     main.py: 89 -     <module>() ]- INFO - Телеграм бот запущен
09/08/2020 00:16:36 - [     main.py: 50 - menu_command() ]- INFO - menu_command
09/08/2020 00:16:36 - [    files.py: 36 - UserURLGenerator() ]- INFO - UserURLGenerator menu
09/08/2020 00:16:36 - [    files.py: 49 - UserParamGenerator() ]- INFO - UserParamGenerator menu
09/08/2020 00:16:37 - [     main.py: 50 - menu_command() ]- INFO - menu_command
09/08/2020 00:16:37 - [    files.py: 36 - UserURLGenerator() ]- INFO - UserURLGenerator АРЕНДА
09/08/2020 00:16:37 - [    files.py: 49 - UserParamGenerator() ]- INFO - UserParamGenerator АРЕНДА
09/08/2020 00:16:39 - [     main.py: 50 - menu_command() ]- INFO - menu_command
09/08/2020 00:16:39 - [    files.py: 36 - UserURLGenerator() ]- INFO - UserURLGenerator КВАРТИРЫ
09/08/2020 00:16:39 - [    files.py: 49 - UserParamGenerator() ]- INFO - UserParamGenerator КВАРТИРЫ
09/08/2020 00:16:40 - [     main.py: 50 - menu_command() ]- INFO - menu_command
09/08/2020 00:16:40 - [    files.py: 36 - UserURLGenerator() ]- INFO - UserURLGenerator НУР-СУЛТАН
09/08/2020 00:16:40 - [    files.py: 49 - UserParamGenerator() ]- INFO - UserParamGenerator НУР-СУЛТАН
09/08/2020 00:16:41 - [     main.py: 50 - menu_command() ]- INFO - menu_command
09/08/2020 00:16:41 - [    files.py: 36 - UserURLGenerator() ]- INFO - UserURLGenerator любой комнатности
09/08/2020 00:16:41 - [    files.py: 49 - UserParamGenerator() ]- INFO - UserParamGenerator любой комнатности
09/08/2020 00:16:42 - [     main.py: 50 - menu_command() ]- INFO - menu_command
09/08/2020 00:16:42 - [    files.py: 36 - UserURLGenerator() ]- INFO - UserURLGenerator по часам
09/08/2020 00:16:42 - [    files.py: 49 - UserParamGenerator() ]- INFO - UserParamGenerator по часам
09/08/2020 00:16:43 - [     main.py: 50 - menu_command() ]- INFO - menu_command
09/08/2020 00:16:43 - [    files.py: 36 - UserURLGenerator() ]- INFO - UserURLGenerator C фото
09/08/2020 00:16:43 - [    files.py: 49 - UserParamGenerator() ]- INFO - UserParamGenerator C фото
09/08/2020 00:16:44 - [     main.py: 50 - menu_command() ]- INFO - menu_command
09/08/2020 00:16:44 - [    files.py: 36 - UserURLGenerator() ]- INFO - UserURLGenerator От проверенных агенств
09/08/2020 00:16:44 - [    files.py: 49 - UserParamGenerator() ]- INFO - UserParamGenerator От проверенных агенств
09/08/2020 00:16:45 - [     main.py: 50 - menu_command() ]- INFO - menu_command
09/08/2020 00:16:45 - [    files.py: 36 - UserURLGenerator() ]- INFO - UserURLGenerator От хозяев
09/08/2020 00:16:45 - [    files.py: 49 - UserParamGenerator() ]- INFO - UserParamGenerator От хозяев
09/08/2020 00:16:45 - [     main.py: 81 - menu_command() ]- WARNING - Нет такого меню MENU_8
09/08/2020 00:16:46 - [     main.py: 50 - menu_command() ]- INFO - menu_command
09/08/2020 00:16:46 - [    files.py: 36 - UserURLGenerator() ]- INFO - UserURLGenerator ПОКАЗАТЬ РЕЗУЛЬТАТ?
09/08/2020 00:16:46 - [    files.py: 49 - UserParamGenerator() ]- INFO - UserParamGenerator ПОКАЗАТЬ РЕЗУЛЬТАТ?
09/08/2020 00:16:46 - [     main.py: 64 - menu_command() ]- INFO - Отправляю запрос
09/08/2020 00:16:46 - [resources.py: 58 -     __init__() ]- INFO - URL https://krisha.kz/arenda/kvartiry/nur-sultan/ [200]
09/08/2020 00:16:46 - [     util.py: 68 -          run() ]- ERROR - TypeError occurred, args=('cannot unpack non-iterable int object',)
Traceback (most recent call last):
  File "/home/zhenisd/Yandex.Disk/pythonProjectSelenium/venv/lib/python3.8/site-packages/telebot/util.py", line 62, in run
    task(*args, **kwargs)
  File "/home/zhenisd/Yandex.Disk/pythonProjectSelenium/main.py", line 70, in menu_command
    for i, j in krisha_ads.adverts:
TypeError: cannot unpack non-iterable int object

09/08/2020 00:17:36 - [     main.py: 89 -     <module>() ]- INFO - Телеграм бот запущен
09/08/2020 00:17:38 - [     main.py: 50 - menu_command() ]- INFO - menu_command
09/08/2020 00:17:38 - [    files.py: 36 - UserURLGenerator() ]- INFO - UserURLGenerator menu
09/08/2020 00:17:38 - [    files.py: 49 - UserParamGenerator() ]- INFO - UserParamGenerator menu
09/08/2020 00:17:40 - [     main.py: 50 - menu_command() ]- INFO - menu_command
09/08/2020 00:17:40 - [    files.py: 36 - UserURLGenerator() ]- INFO - UserURLGenerator АРЕНДА
09/08/2020 00:17:40 - [    files.py: 49 - UserParamGenerator() ]- INFO - UserParamGenerator АРЕНДА
09/08/2020 00:17:41 - [     main.py: 50 - menu_command() ]- INFO - menu_command
09/08/2020 00:17:41 - [    files.py: 36 - UserURLGenerator() ]- INFO - UserURLGenerator КВАРТИРЫ
09/08/2020 00:17:41 - [    files.py: 49 - UserParamGenerator() ]- INFO - UserParamGenerator КВАРТИРЫ
09/08/2020 00:17:42 - [     main.py: 50 - menu_command() ]- INFO - menu_command
09/08/2020 00:17:42 - [    files.py: 36 - UserURLGenerator() ]- INFO - UserURLGenerator НУР-СУЛТАН
09/08/2020 00:17:42 - [    files.py: 49 - UserParamGenerator() ]- INFO - UserParamGenerator НУР-СУЛТАН
09/08/2020 00:17:44 - [     main.py: 50 - menu_command() ]- INFO - menu_command
09/08/2020 00:17:44 - [    files.py: 36 - UserURLGenerator() ]- INFO - UserURLGenerator любой комнатности
09/08/2020 00:17:44 - [    files.py: 49 - UserParamGenerator() ]- INFO - UserParamGenerator любой комнатности
09/08/2020 00:17:45 - [     main.py: 50 - menu_command() ]- INFO - menu_command
09/08/2020 00:17:45 - [    files.py: 36 - UserURLGenerator() ]- INFO - UserURLGenerator по часам
09/08/2020 00:17:45 - [    files.py: 49 - UserParamGenerator() ]- INFO - UserParamGenerator по часам
09/08/2020 00:17:46 - [     main.py: 50 - menu_command() ]- INFO - menu_command
09/08/2020 00:17:46 - [    files.py: 36 - UserURLGenerator() ]- INFO - UserURLGenerator C фото
09/08/2020 00:17:46 - [    files.py: 49 - UserParamGenerator() ]- INFO - UserParamGenerator C фото
09/08/2020 00:17:47 - [     main.py: 50 - menu_command() ]- INFO - menu_command
09/08/2020 00:17:47 - [    files.py: 36 - UserURLGenerator() ]- INFO - UserURLGenerator От проверенных агенств
09/08/2020 00:17:47 - [    files.py: 49 - UserParamGenerator() ]- INFO - UserParamGenerator От проверенных агенств
09/08/2020 00:17:47 - [     main.py: 50 - menu_command() ]- INFO - menu_command
09/08/2020 00:17:47 - [    files.py: 36 - UserURLGenerator() ]- INFO - UserURLGenerator От хозяев
09/08/2020 00:17:47 - [    files.py: 49 - UserParamGenerator() ]- INFO - UserParamGenerator От хозяев
09/08/2020 00:17:47 - [     main.py: 81 - menu_command() ]- WARNING - Нет такого меню MENU_8
09/08/2020 00:17:49 - [     main.py: 50 - menu_command() ]- INFO - menu_command
09/08/2020 00:17:49 - [    files.py: 36 - UserURLGenerator() ]- INFO - UserURLGenerator ПОКАЗАТЬ РЕЗУЛЬТАТ?
09/08/2020 00:17:49 - [    files.py: 49 - UserParamGenerator() ]- INFO - UserParamGenerator ПОКАЗАТЬ РЕЗУЛЬТАТ?
09/08/2020 00:17:49 - [     main.py: 64 - menu_command() ]- INFO - Отправляю запрос
09/08/2020 00:17:49 - [resources.py: 58 -     __init__() ]- INFO - URL https://krisha.kz/arenda/kvartiry/nur-sultan/ [200]
09/08/2020 00:17:49 - [     util.py: 68 -          run() ]- ERROR - TypeError occurred, args=('cannot unpack non-iterable int object',)
Traceback (most recent call last):
  File "/home/zhenisd/Yandex.Disk/pythonProjectSelenium/venv/lib/python3.8/site-packages/telebot/util.py", line 62, in run
    task(*args, **kwargs)
  File "/home/zhenisd/Yandex.Disk/pythonProjectSelenium/main.py", line 70, in menu_command
    for i, j in krisha_ads.adverts:
TypeError: cannot unpack non-iterable int object

09/08/2020 00:18:00 - [     main.py: 89 -     <module>() ]- INFO - Телеграм бот запущен
09/08/2020 00:18:43 - [     main.py: 89 -     <module>() ]- INFO - Телеграм бот запущен
09/08/2020 00:18:45 - [     main.py: 50 - menu_command() ]- INFO - menu_command
09/08/2020 00:18:45 - [    files.py: 36 - UserURLGenerator() ]- INFO - UserURLGenerator menu
09/08/2020 00:18:45 - [    files.py: 49 - UserParamGenerator() ]- INFO - UserParamGenerator menu
09/08/2020 00:18:46 - [     main.py: 50 - menu_command() ]- INFO - menu_command
09/08/2020 00:18:46 - [    files.py: 36 - UserURLGenerator() ]- INFO - UserURLGenerator АРЕНДА
09/08/2020 00:18:46 - [    files.py: 49 - UserParamGenerator() ]- INFO - UserParamGenerator АРЕНДА
09/08/2020 00:18:48 - [     main.py: 50 - menu_command() ]- INFO - menu_command
09/08/2020 00:18:48 - [    files.py: 36 - UserURLGenerator() ]- INFO - UserURLGenerator ПОМЕЩЕНИЯ
09/08/2020 00:18:48 - [    files.py: 49 - UserParamGenerator() ]- INFO - UserParamGenerator ПОМЕЩЕНИЯ
09/08/2020 00:18:49 - [     main.py: 50 - menu_command() ]- INFO - menu_command
09/08/2020 00:18:49 - [    files.py: 36 - UserURLGenerator() ]- INFO - UserURLGenerator НУР-СУЛТАН
09/08/2020 00:18:49 - [    files.py: 49 - UserParamGenerator() ]- INFO - UserParamGenerator НУР-СУЛТАН
09/08/2020 00:18:50 - [     main.py: 50 - menu_command() ]- INFO - menu_command
09/08/2020 00:18:50 - [    files.py: 36 - UserURLGenerator() ]- INFO - UserURLGenerator любой комнатности
09/08/2020 00:18:50 - [    files.py: 49 - UserParamGenerator() ]- INFO - UserParamGenerator любой комнатности
09/08/2020 00:18:52 - [     main.py: 50 - menu_command() ]- INFO - menu_command
09/08/2020 00:18:52 - [    files.py: 36 - UserURLGenerator() ]- INFO - UserURLGenerator по часам
09/08/2020 00:18:52 - [    files.py: 49 - UserParamGenerator() ]- INFO - UserParamGenerator по часам
09/08/2020 00:18:53 - [     main.py: 50 - menu_command() ]- INFO - menu_command
09/08/2020 00:18:53 - [    files.py: 36 - UserURLGenerator() ]- INFO - UserURLGenerator C фото
09/08/2020 00:18:53 - [    files.py: 49 - UserParamGenerator() ]- INFO - UserParamGenerator C фото
09/08/2020 00:18:54 - [     main.py: 50 - menu_command() ]- INFO - menu_command
09/08/2020 00:18:54 - [    files.py: 36 - UserURLGenerator() ]- INFO - UserURLGenerator От проверенных агенств
09/08/2020 00:18:54 - [    files.py: 49 - UserParamGenerator() ]- INFO - UserParamGenerator От проверенных агенств
09/08/2020 00:18:55 - [     main.py: 50 - menu_command() ]- INFO - menu_command
09/08/2020 00:18:55 - [    files.py: 36 - UserURLGenerator() ]- INFO - UserURLGenerator От хозяев
09/08/2020 00:18:55 - [    files.py: 49 - UserParamGenerator() ]- INFO - UserParamGenerator От хозяев
09/08/2020 00:18:55 - [     main.py: 81 - menu_command() ]- WARNING - Нет такого меню MENU_8
09/08/2020 00:18:56 - [     main.py: 50 - menu_command() ]- INFO - menu_command
09/08/2020 00:18:56 - [    files.py: 36 - UserURLGenerator() ]- INFO - UserURLGenerator ПОКАЗАТЬ РЕЗУЛЬТАТ?
09/08/2020 00:18:56 - [    files.py: 49 - UserParamGenerator() ]- INFO - UserParamGenerator ПОКАЗАТЬ РЕЗУЛЬТАТ?
09/08/2020 00:18:56 - [     main.py: 64 - menu_command() ]- INFO - Отправляю запрос
09/08/2020 00:18:56 - [resources.py: 58 -     __init__() ]- INFO - URL https://krisha.kz/arenda/nur-sultan/ [404]
09/08/2020 00:18:56 - [resources.py: 70 -     __init__() ]- ERROR - Не правильный запрос
09/08/2020 00:19:00 - [     main.py: 50 - menu_command() ]- INFO - menu_command
09/08/2020 00:19:00 - [    files.py: 36 - UserURLGenerator() ]- INFO - UserURLGenerator ПОКАЗАТЬ РЕЗУЛЬТАТ?
09/08/2020 00:19:00 - [    files.py: 49 - UserParamGenerator() ]- INFO - UserParamGenerator ПОКАЗАТЬ РЕЗУЛЬТАТ?
09/08/2020 00:19:00 - [     main.py: 64 - menu_command() ]- INFO - Отправляю запрос
09/08/2020 00:19:01 - [resources.py: 58 -     __init__() ]- INFO - URL https://krisha.kz/arenda/nur-sultan/ [404]
09/08/2020 00:19:01 - [resources.py: 70 -     __init__() ]- ERROR - Не правильный запрос
09/08/2020 00:19:51 - [     main.py: 89 -     <module>() ]- INFO - Телеграм бот запущен
09/08/2020 00:19:56 - [     main.py: 50 - menu_command() ]- INFO - menu_command
09/08/2020 00:19:56 - [    files.py: 36 - UserURLGenerator() ]- INFO - UserURLGenerator menu
09/08/2020 00:19:56 - [    files.py: 49 - UserParamGenerator() ]- INFO - UserParamGenerator menu
09/08/2020 00:19:58 - [     main.py: 50 - menu_command() ]- INFO - menu_command
09/08/2020 00:19:58 - [    files.py: 36 - UserURLGenerator() ]- INFO - UserURLGenerator АРЕНДА
09/08/2020 00:19:58 - [    files.py: 49 - UserParamGenerator() ]- INFO - UserParamGenerator АРЕНДА
09/08/2020 00:19:59 - [     main.py: 50 - menu_command() ]- INFO - menu_command
09/08/2020 00:20:00 - [    files.py: 36 - UserURLGenerator() ]- INFO - UserURLGenerator КВАРТИРЫ
09/08/2020 00:20:00 - [    files.py: 49 - UserParamGenerator() ]- INFO - UserParamGenerator КВАРТИРЫ
09/08/2020 00:20:01 - [     main.py: 50 - menu_command() ]- INFO - menu_command
09/08/2020 00:20:01 - [    files.py: 36 - UserURLGenerator() ]- INFO - UserURLGenerator НУР-СУЛТАН
09/08/2020 00:20:01 - [    files.py: 49 - UserParamGenerator() ]- INFO - UserParamGenerator НУР-СУЛТАН
09/08/2020 00:20:02 - [     main.py: 50 - menu_command() ]- INFO - menu_command
09/08/2020 00:20:02 - [    files.py: 36 - UserURLGenerator() ]- INFO - UserURLGenerator любой комнатности
09/08/2020 00:20:02 - [    files.py: 49 - UserParamGenerator() ]- INFO - UserParamGenerator любой комнатности
09/08/2020 00:20:03 - [     main.py: 50 - menu_command() ]- INFO - menu_command
09/08/2020 00:20:03 - [    files.py: 36 - UserURLGenerator() ]- INFO - UserURLGenerator по часам
09/08/2020 00:20:03 - [    files.py: 49 - UserParamGenerator() ]- INFO - UserParamGenerator по часам
09/08/2020 00:20:05 - [     main.py: 50 - menu_command() ]- INFO - menu_command
09/08/2020 00:20:05 - [    files.py: 36 - UserURLGenerator() ]- INFO - UserURLGenerator C фото
09/08/2020 00:20:05 - [    files.py: 49 - UserParamGenerator() ]- INFO - UserParamGenerator C фото
09/08/2020 00:20:06 - [     main.py: 50 - menu_command() ]- INFO - menu_command
09/08/2020 00:20:06 - [    files.py: 36 - UserURLGenerator() ]- INFO - UserURLGenerator От проверенных агенств
09/08/2020 00:20:06 - [    files.py: 49 - UserParamGenerator() ]- INFO - UserParamGenerator От проверенных агенств
09/08/2020 00:20:07 - [     main.py: 50 - menu_command() ]- INFO - menu_command
09/08/2020 00:20:07 - [    files.py: 36 - UserURLGenerator() ]- INFO - UserURLGenerator От хозяев
09/08/2020 00:20:07 - [    files.py: 49 - UserParamGenerator() ]- INFO - UserParamGenerator От хозяев
09/08/2020 00:20:07 - [     main.py: 81 - menu_command() ]- WARNING - Нет такого меню MENU_8
09/08/2020 00:20:09 - [     main.py: 50 - menu_command() ]- INFO - menu_command
09/08/2020 00:20:09 - [    files.py: 36 - UserURLGenerator() ]- INFO - UserURLGenerator ПОКАЗАТЬ РЕЗУЛЬТАТ?
09/08/2020 00:20:09 - [    files.py: 49 - UserParamGenerator() ]- INFO - UserParamGenerator ПОКАЗАТЬ РЕЗУЛЬТАТ?
09/08/2020 00:20:09 - [     main.py: 64 - menu_command() ]- INFO - Отправляю запрос
09/08/2020 00:20:09 - [resources.py: 58 -     __init__() ]- INFO - URL https://krisha.kz/arenda/kvartiry/nur-sultan/ [200]
09/08/2020 00:20:26 - [     main.py: 89 -     <module>() ]- INFO - Телеграм бот запущен
09/08/2020 00:20:30 - [     main.py: 50 - menu_command() ]- INFO - menu_command
09/08/2020 00:20:30 - [    files.py: 36 - UserURLGenerator() ]- INFO - UserURLGenerator menu
09/08/2020 00:20:30 - [    files.py: 49 - UserParamGenerator() ]- INFO - UserParamGenerator menu
09/08/2020 00:20:31 - [     main.py: 50 - menu_command() ]- INFO - menu_command
09/08/2020 00:20:31 - [    files.py: 36 - UserURLGenerator() ]- INFO - UserURLGenerator АРЕНДА
09/08/2020 00:20:31 - [    files.py: 49 - UserParamGenerator() ]- INFO - UserParamGenerator АРЕНДА
09/08/2020 00:20:33 - [     main.py: 50 - menu_command() ]- INFO - menu_command
09/08/2020 00:20:33 - [    files.py: 36 - UserURLGenerator() ]- INFO - UserURLGenerator КВАРТИРЫ
09/08/2020 00:20:33 - [    files.py: 49 - UserParamGenerator() ]- INFO - UserParamGenerator КВАРТИРЫ
09/08/2020 00:20:34 - [     main.py: 50 - menu_command() ]- INFO - menu_command
09/08/2020 00:20:34 - [    files.py: 36 - UserURLGenerator() ]- INFO - UserURLGenerator НУР-СУЛТАН
09/08/2020 00:20:34 - [    files.py: 49 - UserParamGenerator() ]- INFO - UserParamGenerator НУР-СУЛТАН
09/08/2020 00:20:37 - [     main.py: 50 - menu_command() ]- INFO - menu_command
09/08/2020 00:20:37 - [    files.py: 36 - UserURLGenerator() ]- INFO - UserURLGenerator любой комнатности
09/08/2020 00:20:37 - [    files.py: 49 - UserParamGenerator() ]- INFO - UserParamGenerator любой комнатности
09/08/2020 00:20:41 - [     main.py: 50 - menu_command() ]- INFO - menu_command
09/08/2020 00:20:41 - [    files.py: 36 - UserURLGenerator() ]- INFO - UserURLGenerator по часам
09/08/2020 00:20:41 - [    files.py: 49 - UserParamGenerator() ]- INFO - UserParamGenerator по часам
09/08/2020 00:20:42 - [     main.py: 50 - menu_command() ]- INFO - menu_command
09/08/2020 00:20:42 - [    files.py: 36 - UserURLGenerator() ]- INFO - UserURLGenerator C фото
09/08/2020 00:20:43 - [    files.py: 49 - UserParamGenerator() ]- INFO - UserParamGenerator C фото
09/08/2020 00:20:43 - [     main.py: 50 - menu_command() ]- INFO - menu_command
09/08/2020 00:20:43 - [    files.py: 36 - UserURLGenerator() ]- INFO - UserURLGenerator От проверенных агенств
09/08/2020 00:20:43 - [    files.py: 49 - UserParamGenerator() ]- INFO - UserParamGenerator От проверенных агенств
09/08/2020 00:20:44 - [     main.py: 50 - menu_command() ]- INFO - menu_command
09/08/2020 00:20:44 - [    files.py: 36 - UserURLGenerator() ]- INFO - UserURLGenerator От хозяев
09/08/2020 00:20:44 - [    files.py: 49 - UserParamGenerator() ]- INFO - UserParamGenerator От хозяев
09/08/2020 00:20:44 - [     main.py: 81 - menu_command() ]- WARNING - Нет такого меню MENU_8
09/08/2020 00:20:46 - [     main.py: 50 - menu_command() ]- INFO - menu_command
09/08/2020 00:20:46 - [    files.py: 36 - UserURLGenerator() ]- INFO - UserURLGenerator ПОКАЗАТЬ РЕЗУЛЬТАТ?
09/08/2020 00:20:46 - [    files.py: 49 - UserParamGenerator() ]- INFO - UserParamGenerator ПОКАЗАТЬ РЕЗУЛЬТАТ?
09/08/2020 00:20:46 - [     main.py: 64 - menu_command() ]- INFO - Отправляю запрос
09/08/2020 00:20:46 - [resources.py: 58 -     __init__() ]- INFO - URL https://krisha.kz/arenda/kvartiry/nur-sultan/ [200]
09/08/2020 00:43:30 - [     main.py: 92 -     <module>() ]- INFO - Телеграм бот запущен
09/08/2020 00:43:33 - [     main.py: 50 - menu_command() ]- INFO - menu_command
09/08/2020 00:43:33 - [    files.py: 36 - UserURLGenerator() ]- INFO - UserURLGenerator menu
09/08/2020 00:43:33 - [    files.py: 49 - UserParamGenerator() ]- INFO - UserParamGenerator menu
09/08/2020 00:43:34 - [     main.py: 50 - menu_command() ]- INFO - menu_command
09/08/2020 00:43:34 - [    files.py: 36 - UserURLGenerator() ]- INFO - UserURLGenerator АРЕНДА
09/08/2020 00:43:34 - [    files.py: 49 - UserParamGenerator() ]- INFO - UserParamGenerator АРЕНДА
09/08/2020 00:43:37 - [     main.py: 50 - menu_command() ]- INFO - menu_command
09/08/2020 00:43:37 - [    files.py: 36 - UserURLGenerator() ]- INFO - UserURLGenerator КВАРТИРЫ
09/08/2020 00:43:37 - [    files.py: 49 - UserParamGenerator() ]- INFO - UserParamGenerator КВАРТИРЫ
09/08/2020 00:43:38 - [     main.py: 50 - menu_command() ]- INFO - menu_command
09/08/2020 00:43:38 - [    files.py: 36 - UserURLGenerator() ]- INFO - UserURLGenerator НУР-СУЛТАН
09/08/2020 00:43:38 - [    files.py: 49 - UserParamGenerator() ]- INFO - UserParamGenerator НУР-СУЛТАН
09/08/2020 00:43:40 - [     main.py: 50 - menu_command() ]- INFO - menu_command
09/08/2020 00:43:40 - [    files.py: 36 - UserURLGenerator() ]- INFO - UserURLGenerator любой комнатности
09/08/2020 00:43:40 - [    files.py: 49 - UserParamGenerator() ]- INFO - UserParamGenerator любой комнатности
09/08/2020 00:43:41 - [     main.py: 50 - menu_command() ]- INFO - menu_command
09/08/2020 00:43:41 - [    files.py: 36 - UserURLGenerator() ]- INFO - UserURLGenerator по часам
09/08/2020 00:43:41 - [    files.py: 49 - UserParamGenerator() ]- INFO - UserParamGenerator по часам
09/08/2020 00:43:42 - [     main.py: 50 - menu_command() ]- INFO - menu_command
09/08/2020 00:43:42 - [    files.py: 36 - UserURLGenerator() ]- INFO - UserURLGenerator C фото
09/08/2020 00:43:42 - [    files.py: 49 - UserParamGenerator() ]- INFO - UserParamGenerator C фото
09/08/2020 00:43:43 - [     main.py: 50 - menu_command() ]- INFO - menu_command
09/08/2020 00:43:43 - [    files.py: 36 - UserURLGenerator() ]- INFO - UserURLGenerator От проверенных агенств
09/08/2020 00:43:43 - [    files.py: 49 - UserParamGenerator() ]- INFO - UserParamGenerator От проверенных агенств
09/08/2020 00:43:44 - [     main.py: 50 - menu_command() ]- INFO - menu_command
09/08/2020 00:43:44 - [    files.py: 36 - UserURLGenerator() ]- INFO - UserURLGenerator От хозяев
09/08/2020 00:43:44 - [    files.py: 49 - UserParamGenerator() ]- INFO - UserParamGenerator От хозяев
09/08/2020 00:43:44 - [     main.py: 84 - menu_command() ]- WARNING - Нет такого меню MENU_8
09/08/2020 00:43:45 - [     main.py: 50 - menu_command() ]- INFO - menu_command
09/08/2020 00:43:45 - [    files.py: 36 - UserURLGenerator() ]- INFO - UserURLGenerator ПОКАЗАТЬ РЕЗУЛЬТАТ?
09/08/2020 00:43:45 - [    files.py: 49 - UserParamGenerator() ]- INFO - UserParamGenerator ПОКАЗАТЬ РЕЗУЛЬТАТ?
09/08/2020 00:43:45 - [     main.py: 64 - menu_command() ]- INFO - Отправляю запрос
09/08/2020 00:43:45 - [resources.py: 58 -     __init__() ]- INFO - URL https://krisha.kz/arenda/kvartiry/nur-sultan/ [200]
09/08/2020 00:48:06 - [     main.py: 92 -     <module>() ]- INFO - Телеграм бот запущен
09/08/2020 00:48:24 - [     main.py: 50 - menu_command() ]- INFO - menu_command
09/08/2020 00:48:24 - [    files.py: 36 - UserURLGenerator() ]- INFO - UserURLGenerator menu
09/08/2020 00:48:24 - [    files.py: 49 - UserParamGenerator() ]- INFO - UserParamGenerator menu
09/08/2020 00:48:26 - [     main.py: 50 - menu_command() ]- INFO - menu_command
09/08/2020 00:48:26 - [    files.py: 36 - UserURLGenerator() ]- INFO - UserURLGenerator АРЕНДА
09/08/2020 00:48:26 - [    files.py: 49 - UserParamGenerator() ]- INFO - UserParamGenerator АРЕНДА
09/08/2020 00:48:27 - [     main.py: 50 - menu_command() ]- INFO - menu_command
09/08/2020 00:48:27 - [    files.py: 36 - UserURLGenerator() ]- INFO - UserURLGenerator КВАРТИРЫ
09/08/2020 00:48:27 - [    files.py: 49 - UserParamGenerator() ]- INFO - UserParamGenerator КВАРТИРЫ
09/08/2020 00:48:29 - [     main.py: 50 - menu_command() ]- INFO - menu_command
09/08/2020 00:48:29 - [    files.py: 36 - UserURLGenerator() ]- INFO - UserURLGenerator НУР-СУЛТАН
09/08/2020 00:48:29 - [    files.py: 49 - UserParamGenerator() ]- INFO - UserParamGenerator НУР-СУЛТАН
09/08/2020 00:48:30 - [     main.py: 50 - menu_command() ]- INFO - menu_command
09/08/2020 00:48:30 - [    files.py: 36 - UserURLGenerator() ]- INFO - UserURLGenerator любой комнатности
09/08/2020 00:48:30 - [    files.py: 49 - UserParamGenerator() ]- INFO - UserParamGenerator любой комнатности
09/08/2020 00:48:32 - [     main.py: 50 - menu_command() ]- INFO - menu_command
09/08/2020 00:48:32 - [    files.py: 36 - UserURLGenerator() ]- INFO - UserURLGenerator по часам
09/08/2020 00:48:32 - [    files.py: 49 - UserParamGenerator() ]- INFO - UserParamGenerator по часам
09/08/2020 00:48:33 - [     main.py: 50 - menu_command() ]- INFO - menu_command
09/08/2020 00:48:33 - [    files.py: 36 - UserURLGenerator() ]- INFO - UserURLGenerator C фото
09/08/2020 00:48:33 - [    files.py: 49 - UserParamGenerator() ]- INFO - UserParamGenerator C фото
09/08/2020 00:48:34 - [     main.py: 50 - menu_command() ]- INFO - menu_command
09/08/2020 00:48:34 - [    files.py: 36 - UserURLGenerator() ]- INFO - UserURLGenerator От проверенных агенств
09/08/2020 00:48:34 - [    files.py: 49 - UserParamGenerator() ]- INFO - UserParamGenerator От проверенных агенств
09/08/2020 00:48:35 - [     main.py: 50 - menu_command() ]- INFO - menu_command
09/08/2020 00:48:35 - [    files.py: 36 - UserURLGenerator() ]- INFO - UserURLGenerator От хозяев
09/08/2020 00:48:35 - [    files.py: 49 - UserParamGenerator() ]- INFO - UserParamGenerator От хозяев
09/08/2020 00:48:35 - [     main.py: 84 - menu_command() ]- WARNING - Нет такого меню MENU_8
09/08/2020 00:48:36 - [     main.py: 50 - menu_command() ]- INFO - menu_command
09/08/2020 00:48:36 - [    files.py: 36 - UserURLGenerator() ]- INFO - UserURLGenerator ПОКАЗАТЬ РЕЗУЛЬТАТ?
09/08/2020 00:48:36 - [    files.py: 49 - UserParamGenerator() ]- INFO - UserParamGenerator ПОКАЗАТЬ РЕЗУЛЬТАТ?
09/08/2020 00:48:36 - [     main.py: 64 - menu_command() ]- INFO - Отправляю запрос
09/08/2020 00:48:36 - [resources.py: 58 -     __init__() ]- INFO - URL https://krisha.kz/arenda/kvartiry/nur-sultan/ [200]
09/08/2020 00:52:49 - [     main.py: 90 -     <module>() ]- INFO - Телеграм бот запущен
09/08/2020 00:52:52 - [     main.py: 50 - menu_command() ]- INFO - menu_command
09/08/2020 00:52:52 - [    files.py: 36 - UserURLGenerator() ]- INFO - UserURLGenerator menu
09/08/2020 00:52:52 - [    files.py: 49 - UserParamGenerator() ]- INFO - UserParamGenerator menu
09/08/2020 00:53:08 - [     main.py: 50 - menu_command() ]- INFO - menu_command
09/08/2020 00:53:08 - [    files.py: 36 - UserURLGenerator() ]- INFO - UserURLGenerator menu
09/08/2020 00:53:08 - [    files.py: 49 - UserParamGenerator() ]- INFO - UserParamGenerator menu
09/08/2020 00:53:09 - [     main.py: 50 - menu_command() ]- INFO - menu_command
09/08/2020 00:53:09 - [    files.py: 36 - UserURLGenerator() ]- INFO - UserURLGenerator АРЕНДА
09/08/2020 00:53:09 - [    files.py: 49 - UserParamGenerator() ]- INFO - UserParamGenerator АРЕНДА
09/08/2020 00:53:10 - [     main.py: 50 - menu_command() ]- INFO - menu_command
09/08/2020 00:53:10 - [    files.py: 36 - UserURLGenerator() ]- INFO - UserURLGenerator КВАРТИРЫ
09/08/2020 00:53:10 - [    files.py: 49 - UserParamGenerator() ]- INFO - UserParamGenerator КВАРТИРЫ
09/08/2020 00:53:12 - [     main.py: 50 - menu_command() ]- INFO - menu_command
09/08/2020 00:53:12 - [    files.py: 36 - UserURLGenerator() ]- INFO - UserURLGenerator НУР-СУЛТАН
09/08/2020 00:53:12 - [    files.py: 49 - UserParamGenerator() ]- INFO - UserParamGenerator НУР-СУЛТАН
09/08/2020 00:53:13 - [     main.py: 50 - menu_command() ]- INFO - menu_command
09/08/2020 00:53:13 - [    files.py: 36 - UserURLGenerator() ]- INFO - UserURLGenerator любой комнатности
09/08/2020 00:53:13 - [    files.py: 49 - UserParamGenerator() ]- INFO - UserParamGenerator любой комнатности
09/08/2020 00:53:14 - [     main.py: 50 - menu_command() ]- INFO - menu_command
09/08/2020 00:53:14 - [    files.py: 36 - UserURLGenerator() ]- INFO - UserURLGenerator по часам
09/08/2020 00:53:14 - [    files.py: 49 - UserParamGenerator() ]- INFO - UserParamGenerator по часам
09/08/2020 00:53:15 - [     main.py: 50 - menu_command() ]- INFO - menu_command
09/08/2020 00:53:15 - [    files.py: 36 - UserURLGenerator() ]- INFO - UserURLGenerator C фото
09/08/2020 00:53:15 - [    files.py: 49 - UserParamGenerator() ]- INFO - UserParamGenerator C фото
09/08/2020 00:53:16 - [     main.py: 50 - menu_command() ]- INFO - menu_command
09/08/2020 00:53:16 - [    files.py: 36 - UserURLGenerator() ]- INFO - UserURLGenerator От проверенных агенств
09/08/2020 00:53:16 - [    files.py: 49 - UserParamGenerator() ]- INFO - UserParamGenerator От проверенных агенств
09/08/2020 00:53:17 - [     main.py: 50 - menu_command() ]- INFO - menu_command
09/08/2020 00:53:17 - [    files.py: 36 - UserURLGenerator() ]- INFO - UserURLGenerator От хозяев
09/08/2020 00:53:17 - [    files.py: 49 - UserParamGenerator() ]- INFO - UserParamGenerator От хозяев
09/08/2020 00:53:17 - [     main.py: 82 - menu_command() ]- WARNING - Нет такого меню MENU_8
09/08/2020 00:53:19 - [     main.py: 50 - menu_command() ]- INFO - menu_command
09/08/2020 00:53:19 - [    files.py: 36 - UserURLGenerator() ]- INFO - UserURLGenerator ПОКАЗАТЬ РЕЗУЛЬТАТ?
09/08/2020 00:53:19 - [    files.py: 49 - UserParamGenerator() ]- INFO - UserParamGenerator ПОКАЗАТЬ РЕЗУЛЬТАТ?
09/08/2020 00:53:19 - [     main.py: 64 - menu_command() ]- INFO - Отправляю запрос
09/08/2020 00:53:19 - [resources.py: 58 -     __init__() ]- INFO - URL https://krisha.kz/arenda/kvartiry/nur-sultan/ [200]
