1596522349075	mozrunner::runner	INFO	Running command: "/usr/bin/firefox" "-marionette" "-foreground" "-no-remote" "-profile" "/tmp/rust_mozprofilej10roC"
console.error: SearchCache: "_readCacheFile: Error reading cache file:" (new Error("", "(unknown module)"))
1596522350813	Marionette	INFO	Listening on port 40587
1596522350882	Marionette	WARN	TLS certificate errors will be ignored for this session
JavaScript error: https://ssl.gstatic.com/support/realtime/operator/1596066262088/operatordeferred_bin_base__en.js, line 323: Error: [16,"Request is missing required authentication credential. Expected OAuth 2 access token, login cookie or other valid authentication credential. See https://developers.google.com/identity/sign-in/web/devconsole-project."] status: 401 statusText: Unauthorized 
JavaScript warning: https://www.google.com/search?channel=fs&client=ubuntu&q=to+create+gmail+account+need+telephone, line 8: Script terminated by timeout at:
I.prototype.g@https://www.google.com/search?channel=fs&client=ubuntu&q=to+create+gmail+account+need+telephone:8:1
p@https://www.google.com/search?channel=fs&client=ubuntu&q=to+create+gmail+account+need+telephone:10:824

JavaScript warning: https://support.google.com/accounts/thread/18318410?hl=en, line 1622: Script terminated by timeout at:
_.$f@https://support.google.com/accounts/thread/18318410?hl=en:1622:461
gr.prototype.W@https://www.gstatic.com/og/_/js/k=og.qtm.en_US.W1IyqHuH0jA.O/rt=j/m=qgl,q_d,q_sf,q_pc,qdid,qmd,qcwid,qmutsd,qbg,qbd,qapid/exm=qaaw,qabr,qadd,qaid,qalo,qebr,qein,qhaw,qhbr,qhch,qhga,qhid,qhin,qhlo,qhmn,qhpc,qhpr,qhsf,qhtb,qhtt/d=1/ed=1/rs=AA2YrTtiCFd4a5NU9mqX6wYE4-H62sVcFQ:356:280
Gf@https://support.google.com/accounts/thread/18318410?hl=en:1602:244
Df@https://support.google.com/accounts/thread/18318410?hl=en:1603:494
Bf/b<@https://support.google.com/accounts/thread/18318410?hl=en:1599:52

JavaScript warning: https://www.indiatoday.in/technology/news/story/youtube-premium-youtube-music-premium-get-prepaid-plans-in-india-1620553-2019-11-19, line 317: unreachable code after return statement
JavaScript warning: https://www.indiatoday.in/technology/news/story/youtube-premium-youtube-music-premium-get-prepaid-plans-in-india-1620553-2019-11-19, line 327: unreachable code after return statement
JavaScript warning: https://www.indiatoday.in/technology/news/story/youtube-premium-youtube-music-premium-get-prepaid-plans-in-india-1620553-2019-11-19, line 317: unreachable code after return statement
JavaScript warning: https://www.indiatoday.in/technology/news/story/youtube-premium-youtube-music-premium-get-prepaid-plans-in-india-1620553-2019-11-19, line 327: unreachable code after return statement
JavaScript error: https://phonograph2.voxmedia.com/pickup.js?v=1529075019264, line 21: TypeError: ga.getAll()[0] is undefined
JavaScript error: https://phonograph2.voxmedia.com/pickup.js?v=1529075019264, line 21: TypeError: ga.getAll()[0] is undefined
JavaScript error: https://adgebra.co.in/afph/afphChild.js?hrId=2020080412, line 1: SyntaxError: redeclaration of const afphChildLogger
JavaScript warning: https://ajax.googleapis.com/ajax/libs/jquery/1.9.1/jquery.min.js, line 2: Using //@ to indicate sourceMappingURL pragmas is deprecated. Use //# instead
JavaScript error: https://cd.connatix.com/connatix.playspace.js, line 1: SecurityError: Permission denied to access property "document" on cross-origin object
JavaScript warning: https://www.youtube.com/yts/jsbin/webcomponents-sd-vflR8b0eW/webcomponents-sd.js, line 34: Script terminated by timeout at:
sb@https://www.youtube.com/yts/jsbin/webcomponents-sd-vflR8b0eW/webcomponents-sd.js:34:402
yb/<@https://www.youtube.com/yts/jsbin/webcomponents-sd-vflR8b0eW/webcomponents-sd.js:41:103

JavaScript error: https://s0.2mdn.net/3875593/1593072327516/300x250/gwdgooglead_min.js, line 11: TypeError: a.a is null
JavaScript error: https://s0.2mdn.net/3875593/1593072327516/300x250/gwdgooglead_min.js, line 25: TypeError: this.a is null
JavaScript error: https://www.gstatic.com/mysidia/0b1871e833e3aa4a01c47c769da66fd9.js?tag=video_mra/web_fig_och, line 177: SecurityError: The operation is insecure.
JavaScript error: https://ssl.gstatic.com/support/realtime/operator/1596066262088/operatordeferred_bin_base__en.js, line 101: uncaught exception: [object Object]
JavaScript warning: https://static.social.ndtv.com/javascript/jquery.min.js, line 3: unreachable code after return statement
JavaScript warning: https://static.social.ndtv.com/javascript/Widget/comment/comments-2-0-17.js?v17=5.29, line 1: unreachable code after return statement
JavaScript warning: https://orders.avoxi.com/dist/main-b5abe98ef4ea5deaf097.js, line 39: unreachable code after return statement
JavaScript warning: https://orders.avoxi.com/dist/main-b5abe98ef4ea5deaf097.js, line 39: unreachable code after return statement
JavaScript warning: https://orders.avoxi.com/dist/main-b5abe98ef4ea5deaf097.js, line 39: unreachable code after return statement
JavaScript warning: https://orders.avoxi.com/dist/main-b5abe98ef4ea5deaf097.js, line 39: unreachable code after return statement
JavaScript error: https://www.avoxi.com/india-virtual-phone-numbers/?_bk=buy%20phone%20number%20india&_bt=347599356129&_bm=e&_bn=g&_bt=347599356129&_bk=buy%20phone%20number%20india&_bm=e&_bn=g&_bg=70436134272&gclid=EAIaIQobChMIq4vg-_iA6wIV1zMrCh1vJgTFEAAYASAAEgKOrvD_BwE line 708 > injectedScript, line 1: TypeError: iframe is null
JavaScript warning: https://orders.avoxi.com/dist/main-b5abe98ef4ea5deaf097.js, line 39: unreachable code after return statement
JavaScript warning: https://orders.avoxi.com/dist/main-b5abe98ef4ea5deaf097.js, line 39: unreachable code after return statement
JavaScript warning: https://gadgets.ndtv.com/static/desktop/js/library-min.js?v=2020083.01, line 1: Script terminated by timeout at:
camelCase@https://gadgets.ndtv.com/static/desktop/js/library-min.js?v=2020083.01:1:12077
get@https://gadgets.ndtv.com/static/desktop/js/library-min.js?v=2020083.01:1:42196
trigger@https://gadgets.ndtv.com/static/desktop/js/library-min.js?v=2020083.01:1:78501
simulate@https://gadgets.ndtv.com/static/desktop/js/library-min.js?v=2020083.01:1:78969
a@https://gadgets.ndtv.com/static/desktop/js/library-min.js?v=2020083.01:1:79666

JavaScript warning: https://orders.avoxi.com/dist/main-b5abe98ef4ea5deaf097.js, line 39: unreachable code after return statement
JavaScript warning: https://orders.avoxi.com/dist/main-b5abe98ef4ea5deaf097.js, line 39: unreachable code after return statement
JavaScript warning: https://cdn.freshmarketer.com/216206/749708.js, line 3: unreachable code after return statement
JavaScript error: https://exotel.com/virtual-phone-number/, line 132: TypeError: window.twttr.events is undefined
JavaScript error: https://exotel.com/virtual-phone-number/, line 132: TypeError: window.twttr.events is undefined
JavaScript error: https://exotel.com/virtual-phone-number/, line 132: TypeError: window.twttr.events is undefined
JavaScript warning: https://accounts.google.com/ServiceLogin?service=mail&passive=true&rm=false&continue=https://mail.google.com/mail/&ss=1&scc=1&ltmpl=default&ltmplcache=2&emr=1&osid=1#, line 712: Script terminated by timeout at:
_.la@/accounts/static/_/js/k=gaia.gaiafe_glif.en.Km2vf5hdAwE.O/am=5okfMIAfVIBQBQ4AA8wAAAAAAAIAgAEAPobm_19IXWsogAQ/d=1/ct=zgms/rs=ABkqax2m4fbJw-LThHjKzo_zFglb9PQ7xA/m=glifb,identifier,unknownerror:712:1
XJa@/accounts/static/_/js/k=gaia.gaiafe_glif.en.Km2vf5hdAwE.O/am=5okfMIAfVIBQBQ4AA8wAAAAAAAIAgAEAPobm_19IXWsogAQ/d=1/ct=zgms/rs=ABkqax2m4fbJw-LThHjKzo_zFglb9PQ7xA/m=glifb,identifier,unknownerror:2803:418
aKa/</<@/accounts/static/_/js/k=gaia.gaiafe_glif.en.Km2vf5hdAwE.O/am=5okfMIAfVIBQBQ4AA8wAAAAAAAIAgAEAPobm_19IXWsogAQ/d=1/ct=zgms/rs=ABkqax2m4fbJw-LThHjKzo_zFglb9PQ7xA/m=glifb,identifier,unknownerror:2802:24
kga@/accounts/static/_/js/k=gaia.gaiafe_glif.en.Km2vf5hdAwE.O/am=5okfMIAfVIBQBQ4AA8wAAAAAAAIAgAEAPobm_19IXWsogAQ/d=1/ct=zgms/rs=ABkqax2m4fbJw-LThHjKzo_zFglb9PQ7xA/m=glifb,identifier,unknownerror:358:246
_.um@/accounts/static/_/js/k=gaia.gaiafe_glif.en.Km2vf5hdAwE.O/am=5okfMIAfVIBQBQ4AA8wAAAAAAAIAgAEAPobm_19IXWsogAQ/d=1/ct=zgms/rs=ABkqax2m4fbJw-LThHjKzo_zFglb9PQ7xA/m=glifb,identifier,unknownerror:356:49
_.vm@/accounts/static/_/js/k=gaia.gaiafe_glif.en.Km2vf5hdAwE.O/am=5okfMIAfVIBQBQ4AA8wAAAAAAAIAgAEAPobm_19IXWsogAQ/d=1/ct=zgms/rs=ABkqax2m4fbJw-LThHjKzo_zFglb9PQ7xA/m=glifb,identifier,unknownerror:355:260
aKa@/accounts/static/_/js/k=gaia.gaiafe_glif.en.Km2vf5hdAwE.O/am=5okfMIAfVIBQBQ4AA8wAAAAAAAIAgAEAPobm_19IXWsogAQ/d=1/ct=zgms/rs=ABkqax2m4fbJw-LThHjKzo_zFglb9PQ7xA/m=glifb,identifier,unknownerror:2801:349
YJa/<@/accounts/static/_/js/k=gaia.gaiafe_glif.en.Km2vf5hdAwE.O/am=5okfMIAfVIBQBQ4AA8wAAAAAAAIAgAEAPobm_19IXWsogAQ/d=1/ct=zgms/rs=ABkqax2m4fbJw-LThHjKzo_zFglb9PQ7xA/m=glifb,identifier,unknownerror:2801:158
kga@/accounts/static/_/js/k=gaia.gaiafe_glif.en.Km2vf5hdAwE.O/am=5okfMIAfVIBQBQ4AA8wAAAAAAAIAgAEAPobm_19IXWsogAQ/d=1/ct=zgms/rs=ABkqax2m4fbJw-LThHjKzo_zFglb9PQ7xA/m=glifb,identifier,unknownerror:358:246
_.um@/accounts/static/_/js/k=gaia.gaiafe_glif.en.Km2vf5hdAwE.O/am=5okfMIAfVIBQBQ4AA8wAAAAAAAIAgAEAPobm_19IXWsogAQ/d=1/ct=zgms/rs=ABkqax2m4fbJw-LThHjKzo_zFglb9PQ7xA/m=glifb,identifier,unknownerror:356:49
_.vm@/accounts/static/_/js/k=gaia.gaiafe_glif.en.Km2vf5hdAwE.O/am=5okfMIAfVIBQBQ4AA8wAAAAAAAIAgAEAPobm_19IXWsogAQ/d=1/ct=zgms/rs=ABkqax2m4fbJw-LThHjKzo_zFglb9PQ7xA/m=glifb,identifier,unknownerror:355:260
YJa@/accounts/static/_/js/k=gaia.gaiafe_glif.en.Km2vf5hdAwE.O/am=5okfMIAfVIBQBQ4AA8wAAAAAAAIAgAEAPobm_19IXWsogAQ/d=1/ct=zgms/rs=ABkqax2m4fbJw-LThHjKzo_zFglb9PQ7xA/m=glifb,identifier,unknownerror:2801:134
UJa/<@/accounts/static/_/js/k=gaia.gaiafe_glif.en.Km2vf5hdAwE.O/am=5okfMIAfVIBQBQ4AA8wAAAAAAAIAgAEAPobm_19IXWsogAQ/d=1/ct=zgms/rs=ABkqax2m4fbJw-LThHjKzo_zFglb9PQ7xA/m=glifb,identifier,unknownerror:2799:442
kga@/accounts/static/_/js/k=gaia.gaiafe_glif.en.Km2vf5hdAwE.O/am=5okfMIAfVIBQBQ4AA8wAAAAAAAIAgAEAPobm_19IXWsogAQ/d=1/ct=zgms/rs=ABkqax2m4fbJw-LThHjKzo_zFglb9PQ7xA/m=glifb,identifier,unknownerror:358:246
_.um@/accounts/static/_/js/k=gaia.gaiafe_glif.en.Km2vf5hdAwE.O/am=5okfMIAfVIBQBQ4AA8wAAAAAAAIAgAEAPobm_19IXWsogAQ/d=1/ct=zgms/rs=ABkqax2m4fbJw-LThHjKzo_zFglb9PQ7xA/m=glifb,identifier,unknownerror:356:49
_.vm@/accounts/static/_/js/k=gaia.gaiafe_glif.en.Km2vf5hdAwE.O/am=5okfMIAfVIBQBQ4AA8wAAAAAAAIAgAEAPobm_19IXWsogAQ/d=1/ct=zgms/rs=ABkqax2m4fbJw-LThHjKzo_zFglb9PQ7xA/m=glifb,identifier,unknownerror:355:260
UJa@/accounts/static/_/js/k=gaia.gaiafe_glif.en.Km2vf5hdAwE.O/am=5okfMIAfVIBQBQ4AA8wAAAAAAAIAgAEAPobm_19IXWsogAQ/d=1/ct=zgms/rs=ABkqax2m4fbJw-LThHjKzo_zFglb9PQ7xA/m=glifb,identifier,unknownerror:2799:419
mN.prototype.Ra@/accounts/static/_/js/k=gaia.gaiafe_glif.en.Km2vf5hdAwE.O/am=5okfMIAfVIBQBQ4AA8wAAAAAAAIAgAEAPobm_19IXWsogAQ/d=1/ct=zgms/rs=ABkqax2m4fbJw-LThHjKzo_zFglb9PQ7xA/m=glifb,identifier,unknownerror:2798:373
c@/accounts/static/_/js/k=gaia.gaiafe_glif.en.Km2vf5hdAwE.O/am=5okfMIAfVIBQBQ4AA8wAAAAAAAIAgAEAPobm_19IXWsogAQ/d=1/ct=zgms/rs=ABkqax2m4fbJw-LThHjKzo_zFglb9PQ7xA/m=glifb,identifier,unknownerror:584:253
NJa.prototype.ha@/accounts/static/_/js/k=gaia.gaiafe_glif.en.Km2vf5hdAwE.O/am=5okfMIAfVIBQBQ4AA8wAAAAAAAIAgAEAPobm_19IXWsogAQ/d=1/ct=zgms/rs=ABkqax2m4fbJw-LThHjKzo_zFglb9PQ7xA/m=glifb,identifier,unknownerror:2791:366
f@/accounts/static/_/js/k=gaia.gaiafe_glif.en.Km2vf5hdAwE.O/am=5okfMIAfVIBQBQ4AA8wAAAAAAAIAgAEAPobm_19IXWsogAQ/d=1/ct=zgms/rs=ABkqax2m4fbJw-LThHjKzo_zFglb9PQ7xA/m=glifb,identifier,unknownerror:2765:161

JavaScript warning: https://www.indiatoday.in/technology/news/story/youtube-premium-youtube-music-premium-get-prepaid-plans-in-india-1620553-2019-11-19, line 317: unreachable code after return statement
JavaScript warning: https://www.indiatoday.in/technology/news/story/youtube-premium-youtube-music-premium-get-prepaid-plans-in-india-1620553-2019-11-19, line 327: unreachable code after return statement
JavaScript warning: https://www.indiatoday.in/technology/news/story/youtube-premium-youtube-music-premium-get-prepaid-plans-in-india-1620553-2019-11-19, line 317: unreachable code after return statement
JavaScript warning: https://www.indiatoday.in/technology/news/story/youtube-premium-youtube-music-premium-get-prepaid-plans-in-india-1620553-2019-11-19, line 327: unreachable code after return statement
1596523923993	Marionette	INFO	Stopped listening on port 40587
